
Unigraphics NX V1926 / 2D Exchange

Reading part: C:\Users\buguniao\AppData\Local\Temp\bugu61B0D6B7uc82.prt


Writing part: C:\Users\buguniao\AppData\Local\Temp\bugu61B0D6B7uc81.prt

Elapsed time   :    0 minutes,  0 seconds
Actual CPU Time:    0 minutes,  1 seconds

INFO-
INFO-		Unigraphics Version NX V1926 to AutoCAD 2018
INFO-		
INFO-
INFO-		Running UGTODWG Translator .....
INFO-
INFO-		Start of Translation: Sun Dec  1 20:09:50 2024
INFO-
STATUS-		Converting C:\Users\buguniao\AppData\Local\Temp\bugu61B0D6B7uc81.prt
STATUS-
SUMMARY-
SUMMARY-	Summary of Unigraphics Input Entities
SUMMARY-	For Unigraphics File: C:\Users\buguniao\AppData\Local\Temp\bugu61B0D6B7uc81.prt
SUMMARY-	------------------------------------------------------------------
SUMMARY-	Entity Type					Count
SUMMARY-	------------------------------------------------------------------
SUMMARY-	Line .....................................:	48
SUMMARY-	Circle ...................................:	8
SUMMARY-	------------------------------------------------------------------
SUMMARY-	Total ....................................:	56
SUMMARY-	------------------------------------------------------------------
SUMMARY-
STATUS-
INFO-
INFO-		Writing File: C:\Users\buguniao\OneDrive\UPenn\classes\smart_devices\final_project\final-project-stack\model\house_motor_stand.dwg
SUMMARY-	Summary of AutoCAD Output Entities
SUMMARY-	------------------------------------------------------------------
SUMMARY-	Entity Type					Count
SUMMARY-	------------------------------------------------------------------
SUMMARY-	Circle ...................................:	8
SUMMARY-	Line .....................................:	48
SUMMARY-	Layout ...................................:	6
SUMMARY-	------------------------------------------------------------------
SUMMARY-	Total ....................................:	62
SUMMARY-	------------------------------------------------------------------
SUMMARY-
INFO-
INFO-		End of Translation: Sun Dec  1 20:09:50 2024
INFO-		Translation CPU time: 0 m, 0 sINFO-
